This is pdfTeX, Version 3.14159265-2.6-1.40.20 (TeX Live 2019/Debian) (preloaded format=pdflatex 2020.4.17)  23 APR 2020 18:04
entering extended mode
 restricted \write18 enabled.
 %&-line parsing enabled.
**documentation_etls_igac.tex
(./documentation_etls_igac.tex
LaTeX2e <2018-12-01>
(./sphinxmanual.cls
Document Class: sphinxmanual 2019/12/01 v2.3.0 Document class (Sphinx manual)
(/usr/share/texlive/texmf-dist/tex/latex/base/report.cls
Document Class: report 2018/09/03 v1.4i Standard LaTeX document class
(/usr/share/texlive/texmf-dist/tex/latex/base/size10.clo
File: size10.clo 2018/09/03 v1.4i Standard LaTeX file (size option)
)
\c@part=\count80
\c@chapter=\count81
\c@section=\count82
\c@subsection=\count83
\c@subsubsection=\count84
\c@paragraph=\count85
\c@subparagraph=\count86
\c@figure=\count87
\c@table=\count88
\abovecaptionskip=\skip41
\belowcaptionskip=\skip42
\bibindent=\dimen102
)
LaTeX Info: Redefining \and on input line 35.
)
(/usr/share/texlive/texmf-dist/tex/latex/base/inputenc.sty
Package: inputenc 2018/08/11 v1.3c Input encoding file
\inpenc@prehook=\toks14
\inpenc@posthook=\toks15
)
   defining Unicode char U+00A0 (decimal 160)
   defining Unicode char U+2500 (decimal 9472)
   defining Unicode char U+2502 (decimal 9474)
   defining Unicode char U+2514 (decimal 9492)
   defining Unicode char U+251C (decimal 9500)
   defining Unicode char U+2572 (decimal 9586)

(/usr/share/texlive/texmf-dist/tex/latex/cmap/cmap.sty
Package: cmap 2008/03/06 v1.0h CMap support: searchable PDF
)
(/usr/share/texlive/texmf-dist/tex/latex/base/fontenc.sty
Package: fontenc 2018/08/11 v2.0j Standard LaTeX package

(/usr/share/texlive/texmf-dist/tex/latex/base/t1enc.def
File: t1enc.def 2018/08/11 v2.0j Standard LaTeX file
LaTeX Font Info:    Redeclaring font encoding T1 on input line 48.
)<<t1.cmap>>)
(/usr/share/texlive/texmf-dist/tex/latex/amsmath/amsmath.sty
Package: amsmath 2018/12/01 v2.17b AMS math features
\@mathmargin=\skip43

For additional information on amsmath, use the `?' option.
(/usr/share/texlive/texmf-dist/tex/latex/amsmath/amstext.sty
Package: amstext 2000/06/29 v2.01 AMS text

(/usr/share/texlive/texmf-dist/tex/latex/amsmath/amsgen.sty
File: amsgen.sty 1999/11/30 v2.0 generic functions
\@emptytoks=\toks16
\ex@=\dimen103
))
(/usr/share/texlive/texmf-dist/tex/latex/amsmath/amsbsy.sty
Package: amsbsy 1999/11/29 v1.2d Bold Symbols
\pmbraise@=\dimen104
)
(/usr/share/texlive/texmf-dist/tex/latex/amsmath/amsopn.sty
Package: amsopn 2016/03/08 v2.02 operator names
)
\inf@bad=\count89
LaTeX Info: Redefining \frac on input line 223.
\uproot@=\count90
\leftroot@=\count91
LaTeX Info: Redefining \overline on input line 385.
\classnum@=\count92
\DOTSCASE@=\count93
LaTeX Info: Redefining \ldots on input line 482.
LaTeX Info: Redefining \dots on input line 485.
LaTeX Info: Redefining \cdots on input line 606.
\Mathstrutbox@=\box27
\strutbox@=\box28
\big@size=\dimen105
LaTeX Font Info:    Redeclaring font encoding OML on input line 729.
LaTeX Font Info:    Redeclaring font encoding OMS on input line 730.
\macc@depth=\count94
\c@MaxMatrixCols=\count95
\dotsspace@=\muskip10
\c@parentequation=\count96
\dspbrk@lvl=\count97
\tag@help=\toks17
\row@=\count98
\column@=\count99
\maxfields@=\count100
\andhelp@=\toks18
\eqnshift@=\dimen106
\alignsep@=\dimen107
\tagshift@=\dimen108
\tagwidth@=\dimen109
\totwidth@=\dimen110
\lineht@=\dimen111
\@envbody=\toks19
\multlinegap=\skip44
\multlinetaggap=\skip45
\mathdisplay@stack=\toks20
LaTeX Info: Redefining \[ on input line 2844.
LaTeX Info: Redefining \] on input line 2845.
)
(/usr/share/texlive/texmf-dist/tex/latex/amsfonts/amssymb.sty
Package: amssymb 2013/01/14 v3.01 AMS font symbols

(/usr/share/texlive/texmf-dist/tex/latex/amsfonts/amsfonts.sty
Package: amsfonts 2013/01/14 v3.01 Basic AMSFonts support
\symAMSa=\mathgroup4
\symAMSb=\mathgroup5
LaTeX Font Info:    Overwriting math alphabet `\mathfrak' in version `bold'
(Font)                  U/euf/m/n --> U/euf/b/n on input line 106.
))
(/usr/share/texlive/texmf-dist/tex/generic/babel/babel.sty
Package: babel 2019/06/03 3.32 The Babel package

(/usr/share/texlive/texmf-dist/tex/generic/babel/switch.def
File: switch.def 2019/06/03 3.32 Babel switching mechanism
)
(/usr/share/texlive/texmf-dist/tex/generic/babel-spanish/spanish.ldf
Language: spanish.ldf 2016/03/03 v5.0p Spanish support from the babel system

(/usr/share/texlive/texmf-dist/tex/generic/babel/babel.def
File: babel.def 2019/06/03 3.32 Babel common definitions
\babel@savecnt=\count101
\U@D=\dimen112

(/usr/share/texlive/texmf-dist/tex/generic/babel/txtbabel.def)
\bbl@dirlevel=\count102
)
\es@quottoks=\toks21
\es@quotdepth=\count103
Package babel Info: Making " an active character on input line 561.
Package babel Info: Making . an active character on input line 662.
Package babel Info: Making < an active character on input line 707.
Package babel Info: Making > an active character on input line 707.
))
(/usr/share/texlive/texmf-dist/tex/latex/psnfss/times.sty
Package: times 2005/04/12 PSNFSS-v9.2a (SPQR) 
)
(/usr/share/texlive/texmf-dist/tex/latex/fncychap/fncychap.sty
Package: fncychap 2007/07/30 v1.34 LaTeX package (Revised chapters)
\RW=\skip46
\mylen=\skip47
\myhi=\skip48
\px=\skip49
\py=\skip50
\pyy=\skip51
\pxx=\skip52
) (./sphinx.sty
Package: sphinx 2019/09/02 v2.3.0 LaTeX package (Sphinx markup)

(/usr/share/texlive/texmf-dist/tex/generic/oberdiek/ltxcmds.sty
Package: ltxcmds 2016/05/16 v1.23 LaTeX kernel commands for general use (HO)
)
(/usr/share/texlive/texmf-dist/tex/latex/graphics/graphicx.sty
Package: graphicx 2017/06/01 v1.1a Enhanced LaTeX Graphics (DPC,SPQR)

(/usr/share/texlive/texmf-dist/tex/latex/graphics/keyval.sty
Package: keyval 2014/10/28 v1.15 key=value parser (DPC)
\KV@toks@=\toks22
)
(/usr/share/texlive/texmf-dist/tex/latex/graphics/graphics.sty
Package: graphics 2017/06/25 v1.2c Standard LaTeX Graphics (DPC,SPQR)

(/usr/share/texlive/texmf-dist/tex/latex/graphics/trig.sty
Package: trig 2016/01/03 v1.10 sin cos tan (DPC)
)
(/usr/share/texlive/texmf-dist/tex/latex/graphics-cfg/graphics.cfg
File: graphics.cfg 2016/06/04 v1.11 sample graphics configuration
)
Package graphics Info: Driver file: pdftex.def on input line 99.

(/usr/share/texlive/texmf-dist/tex/latex/graphics-def/pdftex.def
File: pdftex.def 2018/01/08 v1.0l Graphics/color driver for pdftex
))
\Gin@req@height=\dimen113
\Gin@req@width=\dimen114
)
(/usr/share/texlive/texmf-dist/tex/latex/fancyhdr/fancyhdr.sty
Package: fancyhdr 2019/01/31 v3.10 Extensive control of page headers and footer
s
\f@nch@headwidth=\skip53
\f@nch@O@elh=\skip54
\f@nch@O@erh=\skip55
\f@nch@O@olh=\skip56
\f@nch@O@orh=\skip57
\f@nch@O@elf=\skip58
\f@nch@O@erf=\skip59
\f@nch@O@olf=\skip60
\f@nch@O@orf=\skip61
)
(/usr/share/texlive/texmf-dist/tex/latex/base/textcomp.sty
Package: textcomp 2018/08/11 v2.0j Standard LaTeX package
Package textcomp Info: Sub-encoding information:
(textcomp)               5 = only ISO-Adobe without \textcurrency
(textcomp)               4 = 5 + \texteuro
(textcomp)               3 = 4 + \textohm
(textcomp)               2 = 3 + \textestimated + \textcurrency
(textcomp)               1 = TS1 - \textcircled - \t
(textcomp)               0 = TS1 (full)
(textcomp)             Font families with sub-encoding setting implement
(textcomp)             only a restricted character set as indicated.
(textcomp)             Family '?' is the default used for unknown fonts.
(textcomp)             See the documentation for details.
Package textcomp Info: Setting ? sub-encoding to TS1/1 on input line 79.

(/usr/share/texlive/texmf-dist/tex/latex/base/ts1enc.def
File: ts1enc.def 2001/06/05 v3.0e (jk/car/fm) Standard LaTeX file
Now handling font encoding TS1 ...
... processing UTF-8 mapping file for font encoding TS1

(/usr/share/texlive/texmf-dist/tex/latex/base/ts1enc.dfu
File: ts1enc.dfu 2018/10/05 v1.2f UTF-8 support for inputenc
   defining Unicode char U+00A2 (decimal 162)
   defining Unicode char U+00A3 (decimal 163)
   defining Unicode char U+00A4 (decimal 164)
   defining Unicode char U+00A5 (decimal 165)
   defining Unicode char U+00A6 (decimal 166)
   defining Unicode char U+00A7 (decimal 167)
   defining Unicode char U+00A8 (decimal 168)
   defining Unicode char U+00A9 (decimal 169)
   defining Unicode char U+00AA (decimal 170)
   defining Unicode char U+00AC (decimal 172)
   defining Unicode char U+00AE (decimal 174)
   defining Unicode char U+00AF (decimal 175)
   defining Unicode char U+00B0 (decimal 176)
   defining Unicode char U+00B1 (decimal 177)
   defining Unicode char U+00B2 (decimal 178)
   defining Unicode char U+00B3 (decimal 179)
   defining Unicode char U+00B4 (decimal 180)
   defining Unicode char U+00B5 (decimal 181)
   defining Unicode char U+00B6 (decimal 182)
   defining Unicode char U+00B7 (decimal 183)
   defining Unicode char U+00B9 (decimal 185)
   defining Unicode char U+00BA (decimal 186)
   defining Unicode char U+00BC (decimal 188)
   defining Unicode char U+00BD (decimal 189)
   defining Unicode char U+00BE (decimal 190)
   defining Unicode char U+00D7 (decimal 215)
   defining Unicode char U+00F7 (decimal 247)
   defining Unicode char U+0192 (decimal 402)
   defining Unicode char U+02C7 (decimal 711)
   defining Unicode char U+02D8 (decimal 728)
   defining Unicode char U+02DD (decimal 733)
   defining Unicode char U+0E3F (decimal 3647)
   defining Unicode char U+2016 (decimal 8214)
   defining Unicode char U+2020 (decimal 8224)
   defining Unicode char U+2021 (decimal 8225)
   defining Unicode char U+2022 (decimal 8226)
   defining Unicode char U+2030 (decimal 8240)
   defining Unicode char U+2031 (decimal 8241)
   defining Unicode char U+203B (decimal 8251)
   defining Unicode char U+203D (decimal 8253)
   defining Unicode char U+2044 (decimal 8260)
   defining Unicode char U+204E (decimal 8270)
   defining Unicode char U+2052 (decimal 8274)
   defining Unicode char U+20A1 (decimal 8353)
   defining Unicode char U+20A4 (decimal 8356)
   defining Unicode char U+20A6 (decimal 8358)
   defining Unicode char U+20A9 (decimal 8361)
   defining Unicode char U+20AB (decimal 8363)
   defining Unicode char U+20AC (decimal 8364)
   defining Unicode char U+20B1 (decimal 8369)
   defining Unicode char U+2103 (decimal 8451)
   defining Unicode char U+2116 (decimal 8470)
   defining Unicode char U+2117 (decimal 8471)
   defining Unicode char U+211E (decimal 8478)
   defining Unicode char U+2120 (decimal 8480)
   defining Unicode char U+2122 (decimal 8482)
   defining Unicode char U+2126 (decimal 8486)
   defining Unicode char U+2127 (decimal 8487)
   defining Unicode char U+212E (decimal 8494)
   defining Unicode char U+2190 (decimal 8592)
   defining Unicode char U+2191 (decimal 8593)
   defining Unicode char U+2192 (decimal 8594)
   defining Unicode char U+2193 (decimal 8595)
   defining Unicode char U+2329 (decimal 9001)
   defining Unicode char U+232A (decimal 9002)
   defining Unicode char U+2422 (decimal 9250)
   defining Unicode char U+25E6 (decimal 9702)
   defining Unicode char U+25EF (decimal 9711)
   defining Unicode char U+266A (decimal 9834)
   defining Unicode char U+FEFF (decimal 65279)
))
LaTeX Info: Redefining \oldstylenums on input line 334.
Package textcomp Info: Setting cmr sub-encoding to TS1/0 on input line 349.
Package textcomp Info: Setting cmss sub-encoding to TS1/0 on input line 350.
Package textcomp Info: Setting cmtt sub-encoding to TS1/0 on input line 351.
Package textcomp Info: Setting cmvtt sub-encoding to TS1/0 on input line 352.
Package textcomp Info: Setting cmbr sub-encoding to TS1/0 on input line 353.
Package textcomp Info: Setting cmtl sub-encoding to TS1/0 on input line 354.
Package textcomp Info: Setting ccr sub-encoding to TS1/0 on input line 355.
Package textcomp Info: Setting ptm sub-encoding to TS1/4 on input line 356.
Package textcomp Info: Setting pcr sub-encoding to TS1/4 on input line 357.
Package textcomp Info: Setting phv sub-encoding to TS1/4 on input line 358.
Package textcomp Info: Setting ppl sub-encoding to TS1/3 on input line 359.
Package textcomp Info: Setting pag sub-encoding to TS1/4 on input line 360.
Package textcomp Info: Setting pbk sub-encoding to TS1/4 on input line 361.
Package textcomp Info: Setting pnc sub-encoding to TS1/4 on input line 362.
Package textcomp Info: Setting pzc sub-encoding to TS1/4 on input line 363.
Package textcomp Info: Setting bch sub-encoding to TS1/4 on input line 364.
Package textcomp Info: Setting put sub-encoding to TS1/5 on input line 365.
Package textcomp Info: Setting uag sub-encoding to TS1/5 on input line 366.
Package textcomp Info: Setting ugq sub-encoding to TS1/5 on input line 367.
Package textcomp Info: Setting ul8 sub-encoding to TS1/4 on input line 368.
Package textcomp Info: Setting ul9 sub-encoding to TS1/4 on input line 369.
Package textcomp Info: Setting augie sub-encoding to TS1/5 on input line 370.
Package textcomp Info: Setting dayrom sub-encoding to TS1/3 on input line 371.
Package textcomp Info: Setting dayroms sub-encoding to TS1/3 on input line 372.

Package textcomp Info: Setting pxr sub-encoding to TS1/0 on input line 373.
Package textcomp Info: Setting pxss sub-encoding to TS1/0 on input line 374.
Package textcomp Info: Setting pxtt sub-encoding to TS1/0 on input line 375.
Package textcomp Info: Setting txr sub-encoding to TS1/0 on input line 376.
Package textcomp Info: Setting txss sub-encoding to TS1/0 on input line 377.
Package textcomp Info: Setting txtt sub-encoding to TS1/0 on input line 378.
Package textcomp Info: Setting lmr sub-encoding to TS1/0 on input line 379.
Package textcomp Info: Setting lmdh sub-encoding to TS1/0 on input line 380.
Package textcomp Info: Setting lmss sub-encoding to TS1/0 on input line 381.
Package textcomp Info: Setting lmssq sub-encoding to TS1/0 on input line 382.
Package textcomp Info: Setting lmvtt sub-encoding to TS1/0 on input line 383.
Package textcomp Info: Setting lmtt sub-encoding to TS1/0 on input line 384.
Package textcomp Info: Setting qhv sub-encoding to TS1/0 on input line 385.
Package textcomp Info: Setting qag sub-encoding to TS1/0 on input line 386.
Package textcomp Info: Setting qbk sub-encoding to TS1/0 on input line 387.
Package textcomp Info: Setting qcr sub-encoding to TS1/0 on input line 388.
Package textcomp Info: Setting qcs sub-encoding to TS1/0 on input line 389.
Package textcomp Info: Setting qpl sub-encoding to TS1/0 on input line 390.
Package textcomp Info: Setting qtm sub-encoding to TS1/0 on input line 391.
Package textcomp Info: Setting qzc sub-encoding to TS1/0 on input line 392.
Package textcomp Info: Setting qhvc sub-encoding to TS1/0 on input line 393.
Package textcomp Info: Setting futs sub-encoding to TS1/4 on input line 394.
Package textcomp Info: Setting futx sub-encoding to TS1/4 on input line 395.
Package textcomp Info: Setting futj sub-encoding to TS1/4 on input line 396.
Package textcomp Info: Setting hlh sub-encoding to TS1/3 on input line 397.
Package textcomp Info: Setting hls sub-encoding to TS1/3 on input line 398.
Package textcomp Info: Setting hlst sub-encoding to TS1/3 on input line 399.
Package textcomp Info: Setting hlct sub-encoding to TS1/5 on input line 400.
Package textcomp Info: Setting hlx sub-encoding to TS1/5 on input line 401.
Package textcomp Info: Setting hlce sub-encoding to TS1/5 on input line 402.
Package textcomp Info: Setting hlcn sub-encoding to TS1/5 on input line 403.
Package textcomp Info: Setting hlcw sub-encoding to TS1/5 on input line 404.
Package textcomp Info: Setting hlcf sub-encoding to TS1/5 on input line 405.
Package textcomp Info: Setting pplx sub-encoding to TS1/3 on input line 406.
Package textcomp Info: Setting pplj sub-encoding to TS1/3 on input line 407.
Package textcomp Info: Setting ptmx sub-encoding to TS1/4 on input line 408.
Package textcomp Info: Setting ptmj sub-encoding to TS1/4 on input line 409.
)
(/usr/share/texlive/texmf-dist/tex/latex/titlesec/titlesec.sty
Package: titlesec 2016/03/21 v2.10.2 Sectioning titles
\ttl@box=\box29
\beforetitleunit=\skip62
\aftertitleunit=\skip63
\ttl@plus=\dimen115
\ttl@minus=\dimen116
\ttl@toksa=\toks23
\titlewidth=\dimen117
\titlewidthlast=\dimen118
\titlewidthfirst=\dimen119
)
(/usr/share/texlive/texmf-dist/tex/latex/tabulary/tabulary.sty
Package: tabulary 2014/06/11 v0.10 tabulary package (DPC)

(/usr/share/texlive/texmf-dist/tex/latex/tools/array.sty
Package: array 2018/12/30 v2.4k Tabular extension package (FMi)
\col@sep=\dimen120
\ar@mcellbox=\box30
\extrarowheight=\dimen121
\NC@list=\toks24
\extratabsurround=\skip64
\backup@length=\skip65
\ar@cellbox=\box31
)
\TY@count=\count104
\TY@linewidth=\dimen122
\tymin=\dimen123
\tymax=\dimen124
\TY@tablewidth=\dimen125
)
(/usr/share/texlive/texmf-dist/tex/latex/tools/longtable.sty
Package: longtable 2014/10/28 v4.11 Multi-page Table package (DPC)+ FMi change
\LTleft=\skip66
\LTright=\skip67
\LTpre=\skip68
\LTpost=\skip69
\LTchunksize=\count105
\LTcapwidth=\dimen126
\LT@head=\box32
\LT@firsthead=\box33
\LT@foot=\box34
\LT@lastfoot=\box35
\LT@cols=\count106
\LT@rows=\count107
\c@LT@tables=\count108
\c@LT@chunks=\count109
\LT@p@ftn=\toks25
)
(/usr/share/texlive/texmf-dist/tex/latex/varwidth/varwidth.sty
Package: varwidth 2009/03/30 ver 0.92;  Variable-width minipages
\@vwid@box=\box36
\sift@deathcycles=\count110
\@vwid@loff=\dimen127
\@vwid@roff=\dimen128
)
(./sphinxmulticell.sty
Package: sphinxmulticell 2017/02/23 v1.6 better span rows and columns of a tabl
e (Sphinx team)
\sphinx@TY@tablewidth=\dimen129
)
(/usr/share/texlive/texmf-dist/tex/latex/base/makeidx.sty
Package: makeidx 2014/09/29 v1.0m Standard LaTeX package
)
(/usr/share/texlive/texmf-dist/tex/latex/framed/framed.sty
Package: framed 2011/10/22 v 0.96: framed or shaded text with page breaks
\OuterFrameSep=\skip70
\fb@frw=\dimen130
\fb@frh=\dimen131
\FrameRule=\dimen132
\FrameSep=\dimen133
)
(/usr/share/texlive/texmf-dist/tex/latex/xcolor/xcolor.sty
Package: xcolor 2016/05/11 v2.12 LaTeX color extensions (UK)

(/usr/share/texlive/texmf-dist/tex/latex/graphics-cfg/color.cfg
File: color.cfg 2016/01/02 v1.6 sample color configuration
)
Package xcolor Info: Driver file: pdftex.def on input line 225.
Package xcolor Info: Model `cmy' substituted by `cmy0' on input line 1348.
Package xcolor Info: Model `hsb' substituted by `rgb' on input line 1352.
Package xcolor Info: Model `RGB' extended on input line 1364.
Package xcolor Info: Model `HTML' substituted by `rgb' on input line 1366.
Package xcolor Info: Model `Hsb' substituted by `hsb' on input line 1367.
Package xcolor Info: Model `tHsb' substituted by `hsb' on input line 1368.
Package xcolor Info: Model `HSB' substituted by `hsb' on input line 1369.
Package xcolor Info: Model `Gray' substituted by `gray' on input line 1370.
Package xcolor Info: Model `wave' substituted by `hsb' on input line 1371.
)
(/usr/share/texlive/texmf-dist/tex/latex/fancyvrb/fancyvrb.sty
Package: fancyvrb 2019/01/15

Style option: `fancyvrb' v3.2a <2019/01/15> (tvz)
\FV@CodeLineNo=\count111
\FV@InFile=\read1
\FV@TabBox=\box37
\c@FancyVerbLine=\count112
\FV@StepNumber=\count113
\FV@OutFile=\write3
) (./footnotehyper-sphinx.sty
Package: footnotehyper-sphinx 2017/10/27 v1.7 hyperref aware footnote.sty for s
phinx (JFB)
\FNH@notes=\box38
\FNH@width=\dimen134
) (/usr/share/texlive/texmf-dist/tex/latex/float/float.sty
Package: float 2001/11/08 v1.3d Float enhancements (AL)
\c@float@type=\count114
\float@exts=\toks26
\float@box=\box39
\@float@everytoks=\toks27
\@floatcapt=\box40
)
(/usr/share/texlive/texmf-dist/tex/latex/wrapfig/wrapfig.sty
\wrapoverhang=\dimen135
\WF@size=\dimen136
\c@WF@wrappedlines=\count115
\WF@box=\box41
\WF@everypar=\toks28
Package: wrapfig 2003/01/31  v 3.6
)
(/usr/share/texlive/texmf-dist/tex/latex/parskip/parskip.sty
Rollback for package 'parskip' requested -> version 'v1'.
         This corresponds to the release introduced on 2001-04-09.

(/usr/share/texlive/texmf-dist/tex/latex/parskip/parskip-2001-04-09.sty
Package: parskip 2001/04/09 non-zero parskip adjustments
))
(/usr/share/texlive/texmf-dist/tex/latex/base/alltt.sty
Package: alltt 1997/06/16 v2.0g defines alltt environment
)
(/usr/share/texlive/texmf-dist/tex/latex/upquote/upquote.sty
Package: upquote 2012/04/19 v1.3 upright-quote and grave-accent glyphs in verba
tim
)
(/usr/share/texlive/texmf-dist/tex/latex/capt-of/capt-of.sty
Package: capt-of 2009/12/29 v0.2 standard captions outside of floats
)
(/usr/share/texlive/texmf-dist/tex/latex/needspace/needspace.sty
Package: needspace 2010/09/12 v1.3d reserve vertical space
)
(./sphinxhighlight.sty
Package: sphinxhighlight 2016/05/29 stylesheet for highlighting with pygments
)
(/usr/share/texlive/texmf-dist/tex/latex/oberdiek/kvoptions.sty
Package: kvoptions 2016/05/16 v3.12 Key value format for package options (HO)

(/usr/share/texlive/texmf-dist/tex/generic/oberdiek/kvsetkeys.sty
Package: kvsetkeys 2016/05/16 v1.17 Key value parser (HO)

(/usr/share/texlive/texmf-dist/tex/generic/oberdiek/infwarerr.sty
Package: infwarerr 2016/05/16 v1.4 Providing info/warning/error messages (HO)
)
(/usr/share/texlive/texmf-dist/tex/generic/oberdiek/etexcmds.sty
Package: etexcmds 2016/05/16 v1.6 Avoid name clashes with e-TeX commands (HO)

(/usr/share/texlive/texmf-dist/tex/generic/oberdiek/ifluatex.sty
Package: ifluatex 2016/05/16 v1.4 Provides the ifluatex switch (HO)
Package ifluatex Info: LuaTeX not detected.
))))
\sphinxverbatimsep=\dimen137
\sphinxverbatimborder=\dimen138
\sphinxshadowsep=\dimen139
\sphinxshadowsize=\dimen140
\sphinxshadowrule=\dimen141
\spx@notice@border=\dimen142
\spx@image@maxheight=\dimen143
\spx@image@box=\dimen144
\c@literalblock=\count116
\sphinxcontinuationbox=\box42
\sphinxvisiblespacebox=\box43
\sphinxVerbatim@TitleBox=\box44
\sphinxVerbatim@ContentsBox=\box45
\py@argswidth=\skip71
\lineblockindentation=\skip72
\DUlineblockindent=\skip73
)
(/usr/share/texlive/texmf-dist/tex/latex/geometry/geometry.sty
Package: geometry 2018/04/16 v5.8 Page Geometry

(/usr/share/texlive/texmf-dist/tex/generic/oberdiek/ifpdf.sty
Package: ifpdf 2018/09/07 v3.3 Provides the ifpdf switch
)
(/usr/share/texlive/texmf-dist/tex/generic/oberdiek/ifvtex.sty
Package: ifvtex 2016/05/16 v1.6 Detect VTeX and its facilities (HO)
Package ifvtex Info: VTeX not detected.
)
(/usr/share/texlive/texmf-dist/tex/generic/ifxetex/ifxetex.sty
Package: ifxetex 2010/09/12 v0.6 Provides ifxetex conditional
)
\Gm@cnth=\count117
\Gm@cntv=\count118
\c@Gm@tempcnt=\count119
\Gm@bindingoffset=\dimen145
\Gm@wd@mp=\dimen146
\Gm@odd@mp=\dimen147
\Gm@even@mp=\dimen148
\Gm@layoutwidth=\dimen149
\Gm@layoutheight=\dimen150
\Gm@layouthoffset=\dimen151
\Gm@layoutvoffset=\dimen152
\Gm@dimlist=\toks29
)
(/usr/share/texlive/texmf-dist/tex/latex/hyperref/hyperref.sty
Package: hyperref 2018/11/30 v6.88e Hypertext links for LaTeX

(/usr/share/texlive/texmf-dist/tex/generic/oberdiek/hobsub-hyperref.sty
Package: hobsub-hyperref 2016/05/16 v1.14 Bundle oberdiek, subset hyperref (HO)


(/usr/share/texlive/texmf-dist/tex/generic/oberdiek/hobsub-generic.sty
Package: hobsub-generic 2016/05/16 v1.14 Bundle oberdiek, subset generic (HO)
Package: hobsub 2016/05/16 v1.14 Construct package bundles (HO)
Package hobsub Info: Skipping package `infwarerr' (already loaded).
Package hobsub Info: Skipping package `ltxcmds' (already loaded).
Package hobsub Info: Skipping package `ifluatex' (already loaded).
Package hobsub Info: Skipping package `ifvtex' (already loaded).
Package: intcalc 2016/05/16 v1.2 Expandable calculations with integers (HO)
Package hobsub Info: Skipping package `ifpdf' (already loaded).
Package hobsub Info: Skipping package `etexcmds' (already loaded).
Package hobsub Info: Skipping package `kvsetkeys' (already loaded).
Package: kvdefinekeys 2016/05/16 v1.4 Define keys (HO)
Package: pdftexcmds 2018/09/10 v0.29 Utility functions of pdfTeX for LuaTeX (HO
)
Package pdftexcmds Info: LuaTeX not detected.
Package pdftexcmds Info: \pdf@primitive is available.
Package pdftexcmds Info: \pdf@ifprimitive is available.
Package pdftexcmds Info: \pdfdraftmode found.
Package: pdfescape 2016/05/16 v1.14 Implements pdfTeX's escape features (HO)
Package: bigintcalc 2016/05/16 v1.4 Expandable calculations on big integers (HO
)
Package: bitset 2016/05/16 v1.2 Handle bit-vector datatype (HO)
Package: uniquecounter 2016/05/16 v1.3 Provide unlimited unique counter (HO)
)
Package hobsub Info: Skipping package `hobsub' (already loaded).
Package: letltxmacro 2016/05/16 v1.5 Let assignment for LaTeX macros (HO)
Package: hopatch 2016/05/16 v1.3 Wrapper for package hooks (HO)
Package: xcolor-patch 2016/05/16 xcolor patch
Package: atveryend 2016/05/16 v1.9 Hooks at the very end of document (HO)
Package atveryend Info: \enddocument detected (standard20110627).
Package: atbegshi 2016/06/09 v1.18 At begin shipout hook (HO)
Package: refcount 2016/05/16 v3.5 Data extraction from label references (HO)
Package: hycolor 2016/05/16 v1.8 Color options for hyperref/bookmark (HO)
)
(/usr/share/texlive/texmf-dist/tex/latex/oberdiek/auxhook.sty
Package: auxhook 2016/05/16 v1.4 Hooks for auxiliary files (HO)
)
\@linkdim=\dimen153
\Hy@linkcounter=\count120
\Hy@pagecounter=\count121

(/usr/share/texlive/texmf-dist/tex/latex/hyperref/pd1enc.def
File: pd1enc.def 2018/11/30 v6.88e Hyperref: PDFDocEncoding definition (HO)
Now handling font encoding PD1 ...
... no UTF-8 mapping file for font encoding PD1
)
\Hy@SavedSpaceFactor=\count122

(/usr/share/texlive/texmf-dist/tex/latex/latexconfig/hyperref.cfg
File: hyperref.cfg 2002/06/06 v1.2 hyperref configuration of TeXLive
)
Package hyperref Info: Option `unicode' set `true' on input line 4393.

(/usr/share/texlive/texmf-dist/tex/latex/hyperref/puenc.def
File: puenc.def 2018/11/30 v6.88e Hyperref: PDF Unicode definition (HO)
Now handling font encoding PU ...
... no UTF-8 mapping file for font encoding PU
)
Package hyperref Info: Option `colorlinks' set `true' on input line 4393.
Package hyperref Info: Option `breaklinks' set `true' on input line 4393.
Package hyperref Info: Hyper figures OFF on input line 4519.
Package hyperref Info: Link nesting OFF on input line 4524.
Package hyperref Info: Hyper index ON on input line 4527.
Package hyperref Info: Plain pages OFF on input line 4534.
Package hyperref Info: Backreferencing OFF on input line 4539.
Package hyperref Info: Implicit mode ON; LaTeX internals redefined.
Package hyperref Info: Bookmarks ON on input line 4772.
\c@Hy@tempcnt=\count123

(/usr/share/texlive/texmf-dist/tex/latex/url/url.sty
\Urlmuskip=\muskip11
Package: url 2013/09/16  ver 3.4  Verb mode for urls, etc.
)
LaTeX Info: Redefining \url on input line 5125.
\XeTeXLinkMargin=\dimen154
\Fld@menulength=\count124
\Field@Width=\dimen155
\Fld@charsize=\dimen156
Package hyperref Info: Hyper figures OFF on input line 6380.
Package hyperref Info: Link nesting OFF on input line 6385.
Package hyperref Info: Hyper index ON on input line 6388.
Package hyperref Info: backreferencing OFF on input line 6395.
Package hyperref Info: Link coloring ON on input line 6398.
Package hyperref Info: Link coloring with OCG OFF on input line 6405.
Package hyperref Info: PDF/A mode OFF on input line 6410.
LaTeX Info: Redefining \ref on input line 6450.
LaTeX Info: Redefining \pageref on input line 6454.
\Hy@abspage=\count125
\c@Item=\count126
\c@Hfootnote=\count127
)
Package hyperref Info: Driver (autodetected): hpdftex.

(/usr/share/texlive/texmf-dist/tex/latex/hyperref/hpdftex.def
File: hpdftex.def 2018/11/30 v6.88e Hyperref driver for pdfTeX
\Fld@listcount=\count128
\c@bookmark@seq@number=\count129

(/usr/share/texlive/texmf-dist/tex/latex/oberdiek/rerunfilecheck.sty
Package: rerunfilecheck 2016/05/16 v1.8 Rerun checks for auxiliary files (HO)
Package uniquecounter Info: New unique counter `rerunfilecheck' on input line 2
82.
)
\Hy@SectionHShift=\skip74
)
(/usr/share/texlive/texmf-dist/tex/latex/oberdiek/hypcap.sty
Package: hypcap 2016/05/16 v1.12 Adjusting the anchors of captions (HO)
)
(./sphinxmessages.sty
Package: sphinxmessages 2019/01/04 v2.0 Localized LaTeX macros (Sphinx team)
)
\@indexfile=\write4
\openout4 = `documentation_etls_igac.idx'.


Writing index file documentation_etls_igac.idx
(./documentation_etls_igac.aux
LaTeX Info: Redefining \. on input line 23.
LaTeX Info: Redefining \% on input line 23.
)
\openout1 = `documentation_etls_igac.aux'.

LaTeX Font Info:    Checking defaults for OML/cmm/m/it on input line 84.
LaTeX Font Info:    ... okay on input line 84.
LaTeX Font Info:    Checking defaults for T1/cmr/m/n on input line 84.
LaTeX Font Info:    ... okay on input line 84.
LaTeX Font Info:    Checking defaults for OT1/cmr/m/n on input line 84.
LaTeX Font Info:    ... okay on input line 84.
LaTeX Font Info:    Checking defaults for OMS/cmsy/m/n on input line 84.
LaTeX Font Info:    ... okay on input line 84.
LaTeX Font Info:    Checking defaults for OMX/cmex/m/n on input line 84.
LaTeX Font Info:    ... okay on input line 84.
LaTeX Font Info:    Checking defaults for U/cmr/m/n on input line 84.
LaTeX Font Info:    ... okay on input line 84.
LaTeX Font Info:    Checking defaults for TS1/cmr/m/n on input line 84.
LaTeX Font Info:    Try loading font information for TS1+cmr on input line 84.

(/usr/share/texlive/texmf-dist/tex/latex/base/ts1cmr.fd
File: ts1cmr.fd 2014/09/29 v2.5h Standard LaTeX font definitions
)
LaTeX Font Info:    ... okay on input line 84.
LaTeX Font Info:    Checking defaults for PD1/pdf/m/n on input line 84.
LaTeX Font Info:    ... okay on input line 84.
LaTeX Font Info:    Checking defaults for PU/pdf/m/n on input line 84.
LaTeX Font Info:    ... okay on input line 84.
LaTeX Font Info:    Try loading font information for T1+ptm on input line 84.

(/usr/share/texlive/texmf-dist/tex/latex/psnfss/t1ptm.fd
File: t1ptm.fd 2001/06/04 font definitions for T1/ptm.
)
LaTeX Info: Redefining \. on input line 84.
LaTeX Info: Redefining \% on input line 84.

(/usr/share/texlive/texmf-dist/tex/context/base/mkii/supp-pdf.mkii
[Loading MPS to PDF converter (version 2006.09.02).]
\scratchcounter=\count130
\scratchdimen=\dimen157
\scratchbox=\box46
\nofMPsegments=\count131
\nofMParguments=\count132
\everyMPshowfont=\toks30
\MPscratchCnt=\count133
\MPscratchDim=\dimen158
\MPnumerator=\count134
\makeMPintoPDFobject=\count135
\everyMPtoPDFconversion=\toks31
) (/usr/share/texlive/texmf-dist/tex/latex/oberdiek/epstopdf-base.sty
Package: epstopdf-base 2016/05/15 v2.6 Base part for package epstopdf

(/usr/share/texlive/texmf-dist/tex/latex/oberdiek/grfext.sty
Package: grfext 2016/05/16 v1.2 Manage graphics extensions (HO)
)
Package epstopdf-base Info: Redefining graphics rule for `.eps' on input line 4
38.
Package grfext Info: Graphics extension search list:
(grfext)             [.pdf,.png,.jpg,.mps,.jpeg,.jbig2,.jb2,.PDF,.PNG,.JPG,.JPE
G,.JBIG2,.JB2,.eps]
(grfext)             \AppendGraphicsExtensions on input line 456.

(/usr/share/texlive/texmf-dist/tex/latex/latexconfig/epstopdf-sys.cfg
File: epstopdf-sys.cfg 2010/07/13 v1.3 Configuration of (r)epstopdf for TeX Liv
e
))
*geometry* driver: auto-detecting
*geometry* detected driver: pdftex
*geometry* verbose mode - [ preamble ] result:
* driver: pdftex
* paper: letterpaper
* layout: <same size as paper>
* layoutoffset:(h,v)=(0.0pt,0.0pt)
* modes: twoside 
* h-part:(L,W,R)=(72.26999pt, 469.75502pt, 72.26999pt)
* v-part:(T,H,B)=(72.26999pt, 650.43001pt, 72.26999pt)
* \paperwidth=614.295pt
* \paperheight=794.96999pt
* \textwidth=469.75502pt
* \textheight=650.43001pt
* \oddsidemargin=0.0pt
* \evensidemargin=0.0pt
* \topmargin=-37.0pt
* \headheight=12.0pt
* \headsep=25.0pt
* \topskip=10.0pt
* \footskip=30.0pt
* \marginparwidth=36.135pt
* \marginparsep=11.0pt
* \columnsep=10.0pt
* \skip\footins=9.0pt plus 4.0pt minus 2.0pt
* \hoffset=0.0pt
* \voffset=0.0pt
* \mag=1000
* \@twocolumnfalse
* \@twosidetrue
* \@mparswitchtrue
* \@reversemarginfalse
* (1in=72.27pt=25.4mm, 1cm=28.453pt)

\AtBeginShipoutBox=\box47
Package hyperref Info: Link coloring ON on input line 84.
(/usr/share/texlive/texmf-dist/tex/latex/hyperref/nameref.sty
Package: nameref 2016/05/21 v2.44 Cross-referencing by name of section

(/usr/share/texlive/texmf-dist/tex/generic/oberdiek/gettitlestring.sty
Package: gettitlestring 2016/05/16 v1.5 Cleanup title references (HO)
)
\c@section@level=\count136
)
LaTeX Info: Redefining \ref on input line 84.
LaTeX Info: Redefining \pageref on input line 84.
LaTeX Info: Redefining \nameref on input line 84.

(./documentation_etls_igac.out) (./documentation_etls_igac.out)
\@outlinefile=\write5
\openout5 = `documentation_etls_igac.out'.

Package hyperref Info: Option `pageanchor' set `false' on input line 92.
LaTeX Font Info:    Try loading font information for T1+phv on input line 92.

(/usr/share/texlive/texmf-dist/tex/latex/psnfss/t1phv.fd
File: t1phv.fd 2001/06/04 scalable font definitions for T1/phv.
)
LaTeX Font Info:    Font shape `T1/phv/bx/n' in size <10> not available
(Font)              Font shape `T1/phv/b/n' tried instead on input line 92.
LaTeX Font Info:    Font shape `T1/phv/bx/n' in size <24.88> not available
(Font)              Font shape `T1/phv/b/n' tried instead on input line 92.
LaTeX Font Info:    Font shape `T1/phv/bx/it' in size <10> not available
(Font)              Font shape `T1/phv/b/it' tried instead on input line 92.
LaTeX Font Info:    Font shape `T1/phv/b/it' in size <10> not available
(Font)              Font shape `T1/phv/b/sl' tried instead on input line 92.
LaTeX Font Info:    Font shape `T1/phv/bx/it' in size <17.28> not available
(Font)              Font shape `T1/phv/b/it' tried instead on input line 92.
LaTeX Font Info:    Font shape `T1/phv/b/it' in size <17.28> not available
(Font)              Font shape `T1/phv/b/sl' tried instead on input line 92.
LaTeX Font Info:    Font shape `T1/phv/bx/n' in size <17.28> not available
(Font)              Font shape `T1/phv/b/n' tried instead on input line 92.
<<ot1.cmap>><<oml.cmap>><<oms.cmap>><<omx.cmap>>
LaTeX Font Info:    Try loading font information for U+msa on input line 92.

(/usr/share/texlive/texmf-dist/tex/latex/amsfonts/umsa.fd
File: umsa.fd 2013/01/14 v3.01 AMS symbols A
)
LaTeX Font Info:    Try loading font information for U+msb on input line 92.

(/usr/share/texlive/texmf-dist/tex/latex/amsfonts/umsb.fd
File: umsb.fd 2013/01/14 v3.01 AMS symbols B
)
LaTeX Font Info:    Font shape `T1/phv/bx/n' in size <12> not available
(Font)              Font shape `T1/phv/b/n' tried instead on input line 92.
 [1

{/var/lib/texmf/fonts/map/pdftex/updmap/pdftex.map}] [2


] (./documentation_etls_igac.toc
LaTeX Info: Redefining \. on input line 1.
LaTeX Info: Redefining \% on input line 1.
LaTeX Font Info:    Font shape `T1/ptm/bx/n' in size <10> not available
(Font)              Font shape `T1/ptm/b/n' tried instead on input line 2.
)
\tf@toc=\write6
\openout6 = `documentation_etls_igac.toc'.

LaTeX Font Info:    Font shape `T1/phv/bx/sc' in size <10> not available
(Font)              Font shape `T1/phv/b/sc' tried instead on input line 94.
 [1

]
[2

]
LaTeX Info: Redefining \. on input line 113.
LaTeX Info: Redefining \% on input line 113.
 [1]
LaTeX Info: Redefining \. on input line 113.
LaTeX Info: Redefining \% on input line 113.
 [2

]
Cap\'{\i }tulo 1.
LaTeX Font Info:    Font shape `T1/phv/bx/n' in size <14.4> not available
(Font)              Font shape `T1/phv/b/n' tried instead on input line 118.
[3]
LaTeX Info: Redefining \. on input line 251.
LaTeX Info: Redefining \% on input line 251.
 [4]
<config_database1.png, id=111, 378.66469pt x 407.27156pt>
LaTeX Font Info:    Try loading font information for T1+pcr on input line 286.
 (/usr/share/texlive/texmf-dist/tex/latex/psnfss/t1pcr.fd
File: t1pcr.fd 2001/06/04 font definitions for T1/pcr.
)
File: config_database1.png Graphic file (type png)
<use config_database1.png>
Package pdftex.def Info: config_database1.png  used on input line 286.
(pdftex.def)             Requested size: 378.66376pt x 407.27055pt.
LaTeX Info: Redefining \. on input line 288.
LaTeX Info: Redefining \% on input line 288.
 [5]
Underfull \hbox (badness 10000) in paragraph at lines 289--290
[]\T1/ptm/m/n/10 En la in-ter-faz que se des-plie-ga, se-lec-cio-na-mos el SRC 
de nues-tros da-tos, el mo-de-lo Da-
 []

<create_structure1.png, id=124, 388.45125pt x 522.45187pt>
File: create_structure1.png Graphic file (type png)
<use create_structure1.png>
Package pdftex.def Info: create_structure1.png  used on input line 291.
(pdftex.def)             Requested size: 388.45029pt x 522.45059pt.
LaTeX Info: Redefining \. on input line 293.
LaTeX Info: Redefining \% on input line 293.
[6 <./config_database1.png>]
<initial_etl_snc1.png, id=131, 703.62875pt x 507.8975pt>
File: initial_etl_snc1.png Graphic file (type png)
<use initial_etl_snc1.png>
Package pdftex.def Info: initial_etl_snc1.png  used on input line 302.
(pdftex.def)             Requested size: 444.74863pt x 321.0466pt.
LaTeX Info: Redefining \. on input line 304.
LaTeX Info: Redefining \% on input line 304.
 [7 <./create_structure1.png>]
<supplies_etl_snc1.png, id=140, 703.62875pt x 567.11874pt>
File: supplies_etl_snc1.png Graphic file (type png)
<use supplies_etl_snc1.png>
Package pdftex.def Info: supplies_etl_snc1.png  used on input line 310.
(pdftex.def)             Requested size: 444.74863pt x 358.48088pt.
LaTeX Info: Redefining \. on input line 312.
LaTeX Info: Redefining \% on input line 312.
 [8 <./initial_etl_snc1.png>]
<result_etl_snc1.png, id=148, 703.62875pt x 567.11874pt>
File: result_etl_snc1.png Graphic file (type png)
<use result_etl_snc1.png>
Package pdftex.def Info: result_etl_snc1.png  used on input line 315.
(pdftex.def)             Requested size: 444.74863pt x 358.48088pt.
LaTeX Info: Redefining \. on input line 317.
LaTeX Info: Redefining \% on input line 317.
 [9 <./supplies_etl_snc1.png>]
LaTeX Info: Redefining \. on input line 352.
LaTeX Info: Redefining \% on input line 352.
 [10 <./result_etl_snc1.png>]
<gc_predio1.png, id=163, 281.05pt x 455.7025pt>
File: gc_predio1.png Graphic file (type png)
<use gc_predio1.png>
Package pdftex.def Info: gc_predio1.png  used on input line 367.
(pdftex.def)             Requested size: 281.0493pt x 455.70137pt.
LaTeX Info: Redefining \. on input line 372.
LaTeX Info: Redefining \% on input line 372.
 [11 <./gc_predio1.png>]
<gc_terreno1.png, id=174, 278.03876pt x 537.00626pt>
File: gc_terreno1.png Graphic file (type png)
<use gc_terreno1.png>
Package pdftex.def Info: gc_terreno1.png  used on input line 393.
(pdftex.def)             Requested size: 278.03807pt x 537.00494pt.
LaTeX Info: Redefining \. on input line 395.
LaTeX Info: Redefining \% on input line 395.
 [12]
LaTeX Info: Redefining \. on input line 398.
LaTeX Info: Redefining \% on input line 398.
 [13 <./gc_terreno1.png>]
<gc_comisiones_terreno1.png, id=191, 578.16pt x 613.29124pt>
File: gc_comisiones_terreno1.png Graphic file (type png)
<use gc_comisiones_terreno1.png>
Package pdftex.def Info: gc_comisiones_terreno1.png  used on input line 422.
(pdftex.def)             Requested size: 444.75229pt x 471.78651pt.
LaTeX Info: Redefining \. on input line 427.
LaTeX Info: Redefining \% on input line 427.
 [14 <./gc_comisiones_terreno1.png>]
<gc_direccion1.png, id=205, 786.94pt x 583.17876pt>
File: gc_direccion1.png Graphic file (type png)
<use gc_direccion1.png>
Package pdftex.def Info: gc_direccion1.png  used on input line 462.
(pdftex.def)             Requested size: 444.75401pt x 329.6034pt.
LaTeX Info: Redefining \. on input line 467.
LaTeX Info: Redefining \% on input line 467.

[15 <./gc_direccion1.png>]
<gc_construccion1.png, id=223, 1492.57625pt x 305.14pt>
File: gc_construccion1.png Graphic file (type png)
<use gc_construccion1.png>
Package pdftex.def Info: gc_construccion1.png  used on input line 488.
(pdftex.def)             Requested size: 444.74728pt x 90.92345pt.
<gc_comisiones_construccion1.png, id=224, 1481.535pt x 218.8175pt>
File: gc_comisiones_construccion1.png Graphic file (type png)
<use gc_comisiones_construccion1.png>
Package pdftex.def Info: gc_comisiones_construccion1.png  used on input line 51
4.
(pdftex.def)             Requested size: 444.7352pt x 65.68915pt.
LaTeX Info: Redefining \. on input line 552.
LaTeX Info: Redefining \% on input line 552.
 [16 <./gc_construccion1.png> <./gc_comisiones_construccion1.png>]
<gc_unidad_construccion1.png, id=255, 1475.5125pt x 455.7025pt>
File: gc_unidad_construccion1.png Graphic file (type png)
<use gc_unidad_construccion1.png>
Package pdftex.def Info: gc_unidad_construccion1.png  used on input line 567.
(pdftex.def)             Requested size: 444.75102pt x 137.35846pt.
File: gc_comisiones_construccion1.png Graphic file (type png)
<use gc_comisiones_construccion1.png>
Package pdftex.def Info: gc_comisiones_construccion1.png  used on input line 62
0.
(pdftex.def)             Requested size: 444.7352pt x 65.68915pt.
LaTeX Info: Redefining \. on input line 625.
LaTeX Info: Redefining \% on input line 625.
 [17 <./gc_unidad_construccion1.png>]
<gc_copropiedad1.png, id=284, 1511.6475pt x 179.67125pt>
File: gc_copropiedad1.png Graphic file (type png)
<use gc_copropiedad1.png>
Package pdftex.def Info: gc_copropiedad1.png  used on input line 643.
(pdftex.def)             Requested size: 444.7558pt x 52.86273pt.
<gc_datos_ph_condominio1.png, id=285, 1404.24625pt x 156.585pt>
File: gc_datos_ph_condominio1.png Graphic file (type png)
<use gc_datos_ph_condominio1.png>
Package pdftex.def Info: gc_datos_ph_condominio1.png  used on input line 666.
(pdftex.def)             Requested size: 444.76117pt x 49.59451pt.
<gc_propietario1.png, id=286, 1403.2425pt x 173.64874pt>
File: gc_propietario1.png Graphic file (type png)
<use gc_propietario1.png>
Package pdftex.def Info: gc_propietario1.png  used on input line 689.
(pdftex.def)             Requested size: 444.74301pt x 55.03879pt.
LaTeX Info: Redefining \. on input line 694.
LaTeX Info: Redefining \% on input line 694.
 [18 <./gc_copropiedad1.png> <./gc_datos_ph_condominio1.png> <./gc_propietario1
.png>]
<gc_perimetro1.png, id=312, 1554.80875pt x 89.33376pt>
File: gc_perimetro1.png Graphic file (type png)
<use gc_perimetro1.png>
Package pdftex.def Info: gc_perimetro1.png  used on input line 709.
(pdftex.def)             Requested size: 444.73836pt x 25.55443pt.
<gc_vereda1.png, id=313, 1557.82pt x 100.375pt>
File: gc_vereda1.png Graphic file (type png)
<use gc_vereda1.png>
Package pdftex.def Info: gc_vereda1.png  used on input line 729.
(pdftex.def)             Requested size: 444.74397pt x 28.65617pt.
<gc_manzana1.png, id=314, 1556.81625pt x 90.3375pt>
File: gc_manzana1.png Graphic file (type png)
<use gc_manzana1.png>
Package pdftex.def Info: gc_manzana1.png  used on input line 749.
(pdftex.def)             Requested size: 444.74248pt x 25.8071pt.
<gc_barrio1.png, id=315, 1555.8125pt x 87.32625pt>
File: gc_barrio1.png Graphic file (type png)
<use gc_barrio1.png>
Package pdftex.def Info: gc_barrio1.png  used on input line 769.
(pdftex.def)             Requested size: 444.7406pt x 24.96284pt.
LaTeX Info: Redefining \. on input line 774.
LaTeX Info: Redefining \% on input line 774.
 [19 <./gc_perimetro1.png> <./gc_vereda1.png> <./gc_manzana1.png> <./gc_barrio1
.png>]
<gc_sector_urbano1.png, id=344, 1527.7075pt x 88.33pt>
File: gc_sector_urbano1.png Graphic file (type png)
<use gc_sector_urbano1.png>
Package pdftex.def Info: gc_sector_urbano1.png  used on input line 789.
(pdftex.def)             Requested size: 444.74884pt x 25.71477pt.
<gc_sector_rural1.png, id=345, 1527.7075pt x 80.3pt>
File: gc_sector_rural1.png Graphic file (type png)
<use gc_sector_rural1.png>
Package pdftex.def Info: gc_sector_rural1.png  used on input line 809.
(pdftex.def)             Requested size: 444.74884pt x 23.37706pt.
LaTeX Info: Redefining \. on input line 846.
LaTeX Info: Redefining \% on input line 846.
 [20 <./gc_sector_urbano1.png> <./gc_sector_rural1.png>]
Cap\'{\i }tulo 2.
[21

]
LaTeX Info: Redefining \. on input line 984.
LaTeX Info: Redefining \% on input line 984.
 [22]
LaTeX Info: Redefining \. on input line 1068.
LaTeX Info: Redefining \% on input line 1068.
 [23]
<config_database.png, id=386, 504.88625pt x 543.02875pt>
File: config_database.png Graphic file (type png)
<use config_database.png>
Package pdftex.def Info: config_database.png  used on input line 1167.
(pdftex.def)             Requested size: 444.76349pt x 478.37221pt.
LaTeX Info: Redefining \. on input line 1167.
LaTeX Info: Redefining \% on input line 1167.
 [24]
Underfull \hbox (badness 10000) in paragraph at lines 1170--1171
[]\T1/ptm/m/n/10 En la in-ter-faz que se des-plie-ga, se-lec-cio-na-mos el SRC 
de nues-tros da-tos, el mo-de-lo Da-
 []

<create_structure.png, id=399, 517.935pt x 696.6025pt>
File: create_structure.png Graphic file (type png)
<use create_structure.png>
Package pdftex.def Info: create_structure.png  used on input line 1172.
(pdftex.def)             Requested size: 444.77525pt x 598.2055pt.
LaTeX Info: Redefining \. on input line 1174.
LaTeX Info: Redefining \% on input line 1174.
[25 <./config_database.png>]
<initial_etl_snc.png, id=407, 703.62875pt x 567.11874pt>
File: initial_etl_snc.png Graphic file (type png)
<use initial_etl_snc.png>
Package pdftex.def Info: initial_etl_snc.png  used on input line 1183.
(pdftex.def)             Requested size: 444.74863pt x 358.48088pt.
LaTeX Info: Redefining \. on input line 1183.
LaTeX Info: Redefining \% on input line 1183.
 [26 <./create_structure.png>]
<supplies_etl_snc.png, id=416, 703.62875pt x 567.11874pt>
File: supplies_etl_snc.png Graphic file (type png)
<use supplies_etl_snc.png>
Package pdftex.def Info: supplies_etl_snc.png  used on input line 1191.
(pdftex.def)             Requested size: 444.74863pt x 358.48088pt.
LaTeX Info: Redefining \. on input line 1193.
LaTeX Info: Redefining \% on input line 1193.
 [27 <./initial_etl_snc.png>]
<result_etl_snc.png, id=426, 168.8709pt x 136.1085pt>
File: result_etl_snc.png Graphic file (type png)
<use result_etl_snc.png>
Package pdftex.def Info: result_etl_snc.png  used on input line 1196.
(pdftex.def)             Requested size: 168.87047pt x 136.10815pt.
LaTeX Info: Redefining \. on input line 1201.
LaTeX Info: Redefining \% on input line 1201.
 [28 <./supplies_etl_snc.png> <./result_etl_snc.png>]
<gc_predio.png, id=434, 592.2125pt x 703.62875pt>
File: gc_predio.png Graphic file (type png)
<use gc_predio.png>
Package pdftex.def Info: gc_predio.png  used on input line 1263.
(pdftex.def)             Requested size: 444.76372pt x 528.42888pt.
LaTeX Info: Redefining \. on input line 1265.
LaTeX Info: Redefining \% on input line 1265.
 [29]
LaTeX Info: Redefining \. on input line 1268.
LaTeX Info: Redefining \% on input line 1268.
 [30 <./gc_predio.png>]
<gc_terreno.png, id=455, 2268.475pt x 156.585pt>
File: gc_terreno.png Graphic file (type png)
<use gc_terreno.png>
Package pdftex.def Info: gc_terreno.png  used on input line 1292.
(pdftex.def)             Requested size: 444.72192pt x 30.7pt.
<gc_comisiones_terreno.png, id=456, 2268.475pt x 266.9975pt>
File: gc_comisiones_terreno.png Graphic file (type png)
<use gc_comisiones_terreno.png>
Package pdftex.def Info: gc_comisiones_terreno.png  used on input line 1318.
(pdftex.def)             Requested size: 444.72192pt x 52.34337pt.
<gc_direccion.png, id=457, 1074.0125pt x 562.1pt>
File: gc_direccion.png Graphic file (type png)
<use gc_direccion.png>
Package pdftex.def Info: gc_direccion.png  used on input line 1360.
(pdftex.def)             Requested size: 444.75636pt x 232.76968pt.
LaTeX Info: Redefining \. on input line 1362.
LaTeX Info: Redefining \% on input line 1362.
 [31 <./gc_terreno.png> <./gc_comisiones_terreno.png>]
<gc_construccion.png, id=489, 2017.5375pt x 153.57375pt>
File: gc_construccion.png Graphic file (type png)
<use gc_construccion.png>
Package pdftex.def Info: gc_construccion.png  used on input line 1386.
(pdftex.def)             Requested size: 444.7524pt x 33.85428pt.
<gc_comisiones_construccion.png, id=490, 2437.105pt x 303.1325pt>
File: gc_comisiones_construccion.png Graphic file (type png)
<use gc_comisiones_construccion.png>
Package pdftex.def Info: gc_comisiones_construccion.png  used on input line 141
2.
(pdftex.def)             Requested size: 444.72148pt x 55.32005pt.
LaTeX Info: Redefining \. on input line 1414.
LaTeX Info: Redefining \% on input line 1414.
 [32 <./gc_direccion.png> <./gc_construccion.png>]
<gc_unidad_construccion.png, id=512, 1909.1325pt x 513.92pt>
File: gc_unidad_construccion.png Graphic file (type png)
<use gc_unidad_construccion.png>
Package pdftex.def Info: gc_unidad_construccion.png  used on input line 1470.
(pdftex.def)             Requested size: 444.74266pt x 119.72041pt.
LaTeX Info: Redefining \. on input line 1475.
LaTeX Info: Redefining \% on input line 1475.
 [33 <./gc_comisiones_construccion.png> <./gc_unidad_construccion.png>]
<gc_comisiones_unidad_construccion.png, id=535, 1743.51375pt x 225.84375pt>
File: gc_comisiones_unidad_construccion.png Graphic file (type png)
<use gc_comisiones_unidad_construccion.png>
Package pdftex.def Info: gc_comisiones_unidad_construccion.png  used on input l
ine 1496.
(pdftex.def)             Requested size: 444.73645pt x 57.60834pt.
<gc_propietario.png, id=536, 1788.6825pt x 112.42pt>
File: gc_propietario.png Graphic file (type png)
<use gc_propietario.png>
Package pdftex.def Info: gc_propietario.png  used on input line 1516.
(pdftex.def)             Requested size: 444.74045pt x 27.95226pt.
<gc_perimetro.png, id=537, 1534.73375pt x 97.36375pt>
File: gc_perimetro.png Graphic file (type png)
<use gc_perimetro.png>
Package pdftex.def Info: gc_perimetro.png  used on input line 1536.
(pdftex.def)             Requested size: 444.75696pt x 28.21396pt.
<gc_vereda.png, id=538, 1527.7075pt x 89.33376pt>
File: gc_vereda.png Graphic file (type png)
<use gc_vereda.png>
Package pdftex.def Info: gc_vereda.png  used on input line 1556.
(pdftex.def)             Requested size: 444.74884pt x 26.00699pt.
LaTeX Info: Redefining \. on input line 1561.
LaTeX Info: Redefining \% on input line 1561.
 [34 <./gc_comisiones_unidad_construccion.png> <./gc_propietario.png> <./gc_per
imetro.png> <./gc_vereda.png>]
<gc_manzana.png, id=570, 1547.7825pt x 92.345pt>
File: gc_manzana.png Graphic file (type png)
<use gc_manzana.png>
Package pdftex.def Info: gc_manzana.png  used on input line 1576.
(pdftex.def)             Requested size: 444.75966pt x 26.53558pt.
<gc_barrio.png, id=571, 1538.74875pt x 83.31125pt>
File: gc_barrio.png Graphic file (type png)
<use gc_barrio.png>
Package pdftex.def Info: gc_barrio.png  used on input line 1596.
(pdftex.def)             Requested size: 444.7465pt x 24.07954pt.
<gc_sector_urbano.png, id=572, 1532.72626pt x 95.35625pt>
File: gc_sector_urbano.png Graphic file (type png)
<use gc_sector_urbano.png>
Package pdftex.def Info: gc_sector_urbano.png  used on input line 1616.
(pdftex.def)             Requested size: 444.7365pt x 27.6686pt.
<gc_sector_rural.png, id=573, 1526.70375pt x 93.34875pt>
File: gc_sector_rural.png Graphic file (type png)
<use gc_sector_rural.png>
Package pdftex.def Info: gc_sector_rural.png  used on input line 1636.
(pdftex.def)             Requested size: 444.73618pt x 27.19293pt.
LaTeX Info: Redefining \. on input line 1641.
LaTeX Info: Redefining \% on input line 1641.
 [35 <./gc_manzana.png> <./gc_barrio.png> <./gc_sector_urbano.png> <./gc_sector
_rural.png>]
(./documentation_etls_igac.ind)
Package atveryend Info: Empty hook `BeforeClearDocument' on input line 1688.
LaTeX Info: Redefining \. on input line 1688.
LaTeX Info: Redefining \% on input line 1688.
 [36]
Package atveryend Info: Empty hook `AfterLastShipout' on input line 1688.
 (./documentation_etls_igac.aux
LaTeX Info: Redefining \. on input line 23.
LaTeX Info: Redefining \% on input line 23.
)
Package atveryend Info: Executing hook `AtVeryEndDocument' on input line 1688.
Package atveryend Info: Executing hook `AtEndAfterFileList' on input line 1688.

Package rerunfilecheck Info: File `documentation_etls_igac.out' has not changed
.
(rerunfilecheck)             Checksum: E395F0FAFE981AF68D6E4D79A35D98CC;2389.
Package atveryend Info: Empty hook `AtVeryVeryEnd' on input line 1688.
 ) 
Here is how much of TeX's memory you used:
 14298 strings out of 492609
 201552 string characters out of 6131462
 295638 words of memory out of 5000000
 17564 multiletter control sequences out of 15000+600000
 53443 words of font info for 67 fonts, out of 8000000 for 9000
 1142 hyphenation exceptions out of 8191
 37i,12n,48p,324b,542s stack positions out of 5000i,500n,10000p,200000b,80000s
{/usr/share/texlive/texmf-dist/fonts/enc/dvips/base/8r.enc}</usr/share/texliv
e/texmf-dist/fonts/type1/urw/courier/ucrr8a.pfb></usr/share/texlive/texmf-dist/
fonts/type1/urw/helvetic/uhvb8a.pfb></usr/share/texlive/texmf-dist/fonts/type1/
urw/helvetic/uhvbo8a.pfb></usr/share/texlive/texmf-dist/fonts/type1/urw/helveti
c/uhvr8a.pfb></usr/share/texlive/texmf-dist/fonts/type1/urw/times/utmb8a.pfb></
usr/share/texlive/texmf-dist/fonts/type1/urw/times/utmr8a.pfb>
Output written on documentation_etls_igac.pdf (40 pages, 1498878 bytes).
PDF statistics:
 705 PDF objects out of 1000 (max. 8388607)
 564 compressed objects within 6 object streams
 326 named destinations out of 1000 (max. 500000)
 322 words of extra memory for PDF output out of 10000 (max. 10000000)

